<?xml version="1.0" encoding="utf-8"?><testsuites name="pytest tests"><testsuite name="pytest" errors="0" failures="0" skipped="0" tests="17" time="3.317" timestamp="2026-03-25T10:15:55.457789+00:00" hostname="d9c674ea4397"><testcase classname="tests.test_billing_checkout_sessions" name="test_initiate_payment_persists_checkout_session_with_resume_metadata" time="0.077" /><testcase classname="tests.test_billing_checkout_sessions" name="test_initiate_payment_normalizes_one_off_alias_product_type" time="0.022" /><testcase classname="tests.test_billing_checkout_sessions" name="test_initiate_payment_emits_catalog_events" time="0.019" /><testcase classname="tests.test_billing_checkout_sessions" name="test_get_checkout_session_status_returns_owned_session" time="0.019" /><testcase classname="tests.test_billing_checkout_sessions" name="test_get_checkout_session_status_logs_resume_ready" time="0.020" /><testcase classname="tests.test_billing_checkout_sessions" name="test_handle_payment_succeeded_is_idempotent_for_checkout_session" time="0.045" /><testcase classname="tests.test_billing_checkout_sessions" name="test_handle_payment_canceled_marks_checkout_session" time="0.030" /><testcase classname="tests.test_billing_checkout_sessions" name="test_handle_payment_succeeded_grants_report_unlock_entitlement" time="0.054" /><testcase classname="tests.test_billing_checkout_sessions" name="test_handle_payment_succeeded_report_unlock_is_idempotent" time="0.044" /><testcase classname="tests.test_billing_checkout_resume.BillingCheckoutResumeTestCase" name="test_get_checkout_session_status_includes_draft_payload" time="0.095" /><testcase classname="tests.test_billing_checkout_resume.BillingCheckoutResumeTestCase" name="test_get_checkout_session_status_includes_synastry_partner_draft_payload" time="0.054" /><testcase classname="tests.test_billing_checkout_resume.BillingCheckoutResumeTestCase" name="test_resume_checkout_session_creates_report_and_is_idempotent" time="0.338" /><testcase classname="tests.test_billing_checkout_resume.BillingCheckoutResumeTestCase" name="test_resume_checkout_session_rejects_subscription_checkout" time="0.067" /><testcase classname="tests.test_billing_prices.TestBillingPrices" name="test_resolve_natal_price" time="0.005" /><testcase classname="tests.test_billing_prices.TestBillingPrices" name="test_resolve_report_price" time="0.003" /><testcase classname="tests.test_billing_prices.TestBillingPrices" name="test_resolve_subscription_price" time="0.003" /><testcase classname="tests.test_billing_scheduler.TestBillingScheduler" name="test_expired_subscription" time="0.021" /></testsuite></testsuites>